<?xml version="1.0" encoding="UTF-8"?>
<testsuite xmlns:xsi="http://www.w3.org/2001/XMLSchema-instance" xsi:noNamespaceSchemaLocation="https://maven.apache.org/surefire/maven-surefire-plugin/xsd/surefire-test-report-3.0.xsd" version="3.0" name="runners.TestRunner" time="133.808" tests="1" errors="0" skipped="0" failures="0">
  <properties>
    <property name="java.specification.version" value="17"/>
    <property name="sun.cpu.isalist" value="amd64"/>
    <property name="sun.jnu.encoding" value="Cp1252"/>
    <property name="java.class.path" value="C:\Users\KIIT\Desktop\project_youtube_clone-main\MyntraManTshirtScraper\target\test-classes;C:\Users\KIIT\Desktop\project_youtube_clone-main\MyntraManTshirtScraper\target\classes;C:\Users\KIIT\.m2\repository\com\microsoft\playwright\playwright\1.46.0\playwright-1.46.0.jar;C:\Users\KIIT\.m2\repository\com\google\code\gson\gson\2.11.0\gson-2.11.0.jar;C:\Users\KIIT\.m2\repository\com\google\errorprone\error_prone_annotations\2.27.0\error_prone_annotations-2.27.0.jar;C:\Users\KIIT\.m2\repository\org\opentest4j\opentest4j\1.3.0\opentest4j-1.3.0.jar;C:\Users\KIIT\.m2\repository\com\microsoft\playwright\driver\1.46.0\driver-1.46.0.jar;C:\Users\KIIT\.m2\repository\com\microsoft\playwright\driver-bundle\1.46.0\driver-bundle-1.46.0.jar;C:\Users\KIIT\.m2\repository\io\cucumber\cucumber-java\7.11.1\cucumber-java-7.11.1.jar;C:\Users\KIIT\.m2\repository\io\cucumber\cucumber-core\7.11.1\cucumber-core-7.11.1.jar;C:\Users\KIIT\.m2\repository\io\cucumber\cucumber-gherkin\7.11.1\cucumber-gherkin-7.11.1.jar;C:\Users\KIIT\.m2\repository\io\cucumber\cucumber-gherkin-messages\7.11.1\cucumber-gherkin-messages-7.11.1.jar;C:\Users\KIIT\.m2\repository\io\cucumber\gherkin\26.0.3\gherkin-26.0.3.jar;C:\Users\KIIT\.m2\repository\io\cucumber\messages\21.0.1\messages-21.0.1.jar;C:\Users\KIIT\.m2\repository\io\cucumber\tag-expressions\5.0.1\tag-expressions-5.0.1.jar;C:\Users\KIIT\.m2\repository\io\cucumber\cucumber-expressions\16.1.2\cucumber-expressions-16.1.2.jar;C:\Users\KIIT\.m2\repository\io\cucumber\datatable\7.11.1\datatable-7.11.1.jar;C:\Users\KIIT\.m2\repository\io\cucumber\cucumber-plugin\7.11.1\cucumber-plugin-7.11.1.jar;C:\Users\KIIT\.m2\repository\io\cucumber\docstring\7.11.1\docstring-7.11.1.jar;C:\Users\KIIT\.m2\repository\io\cucumber\html-formatter\20.2.1\html-formatter-20.2.1.jar;C:\Users\KIIT\.m2\repository\io\cucumber\junit-xml-formatter\0.1.0\junit-xml-formatter-0.1.0.jar;C:\Users\KIIT\.m2\repository\io\cucumber\ci-environment\9.1.0\ci-environment-9.1.0.jar;C:\Users\KIIT\.m2\repository\org\apiguardian\apiguardian-api\1.1.2\apiguardian-api-1.1.2.jar;C:\Users\KIIT\.m2\repository\io\cucumber\cucumber-junit\7.11.1\cucumber-junit-7.11.1.jar;C:\Users\KIIT\.m2\repository\junit\junit\4.13.2\junit-4.13.2.jar;C:\Users\KIIT\.m2\repository\org\hamcrest\hamcrest-core\1.3\hamcrest-core-1.3.jar;C:\Users\KIIT\.m2\repository\org\apache\commons\commons-lang3\3.12.0\commons-lang3-3.12.0.jar;"/>
    <property name="java.vm.vendor" value="Oracle Corporation"/>
    <property name="sun.arch.data.model" value="64"/>
    <property name="user.variant" value=""/>
    <property name="java.vendor.url" value="https://java.oracle.com/"/>
    <property name="user.timezone" value="Asia/Calcutta"/>
    <property name="os.name" value="Windows 11"/>
    <property name="java.vm.specification.version" value="17"/>
    <property name="sun.java.launcher" value="SUN_STANDARD"/>
    <property name="user.country" value="IN"/>
    <property name="sun.boot.library.path" value="C:\Program Files\Java\jdk-17\bin"/>
    <property name="sun.java.command" value="C:\Users\KIIT\AppData\Local\Temp\surefire14675095589714064762\surefirebooter-20241226195728745_3.jar C:\Users\KIIT\AppData\Local\Temp\surefire14675095589714064762 2024-12-26T19-57-28_558-jvmRun1 surefire-20241226195728745_1tmp surefire_0-20241226195728745_2tmp"/>
    <property name="jdk.debug" value="release"/>
    <property name="surefire.test.class.path" value="C:\Users\KIIT\Desktop\project_youtube_clone-main\MyntraManTshirtScraper\target\test-classes;C:\Users\KIIT\Desktop\project_youtube_clone-main\MyntraManTshirtScraper\target\classes;C:\Users\KIIT\.m2\repository\com\microsoft\playwright\playwright\1.46.0\playwright-1.46.0.jar;C:\Users\KIIT\.m2\repository\com\google\code\gson\gson\2.11.0\gson-2.11.0.jar;C:\Users\KIIT\.m2\repository\com\google\errorprone\error_prone_annotations\2.27.0\error_prone_annotations-2.27.0.jar;C:\Users\KIIT\.m2\repository\org\opentest4j\opentest4j\1.3.0\opentest4j-1.3.0.jar;C:\Users\KIIT\.m2\repository\com\microsoft\playwright\driver\1.46.0\driver-1.46.0.jar;C:\Users\KIIT\.m2\repository\com\microsoft\playwright\driver-bundle\1.46.0\driver-bundle-1.46.0.jar;C:\Users\KIIT\.m2\repository\io\cucumber\cucumber-java\7.11.1\cucumber-java-7.11.1.jar;C:\Users\KIIT\.m2\repository\io\cucumber\cucumber-core\7.11.1\cucumber-core-7.11.1.jar;C:\Users\KIIT\.m2\repository\io\cucumber\cucumber-gherkin\7.11.1\cucumber-gherkin-7.11.1.jar;C:\Users\KIIT\.m2\repository\io\cucumber\cucumber-gherkin-messages\7.11.1\cucumber-gherkin-messages-7.11.1.jar;C:\Users\KIIT\.m2\repository\io\cucumber\gherkin\26.0.3\gherkin-26.0.3.jar;C:\Users\KIIT\.m2\repository\io\cucumber\messages\21.0.1\messages-21.0.1.jar;C:\Users\KIIT\.m2\repository\io\cucumber\tag-expressions\5.0.1\tag-expressions-5.0.1.jar;C:\Users\KIIT\.m2\repository\io\cucumber\cucumber-expressions\16.1.2\cucumber-expressions-16.1.2.jar;C:\Users\KIIT\.m2\repository\io\cucumber\datatable\7.11.1\datatable-7.11.1.jar;C:\Users\KIIT\.m2\repository\io\cucumber\cucumber-plugin\7.11.1\cucumber-plugin-7.11.1.jar;C:\Users\KIIT\.m2\repository\io\cucumber\docstring\7.11.1\docstring-7.11.1.jar;C:\Users\KIIT\.m2\repository\io\cucumber\html-formatter\20.2.1\html-formatter-20.2.1.jar;C:\Users\KIIT\.m2\repository\io\cucumber\junit-xml-formatter\0.1.0\junit-xml-formatter-0.1.0.jar;C:\Users\KIIT\.m2\repository\io\cucumber\ci-environment\9.1.0\ci-environment-9.1.0.jar;C:\Users\KIIT\.m2\repository\org\apiguardian\apiguardian-api\1.1.2\apiguardian-api-1.1.2.jar;C:\Users\KIIT\.m2\repository\io\cucumber\cucumber-junit\7.11.1\cucumber-junit-7.11.1.jar;C:\Users\KIIT\.m2\repository\junit\junit\4.13.2\junit-4.13.2.jar;C:\Users\KIIT\.m2\repository\org\hamcrest\hamcrest-core\1.3\hamcrest-core-1.3.jar;C:\Users\KIIT\.m2\repository\org\apache\commons\commons-lang3\3.12.0\commons-lang3-3.12.0.jar;"/>
    <property name="sun.cpu.endian" value="little"/>
    <property name="user.home" value="C:\Users\KIIT"/>
    <property name="user.language" value="en"/>
    <property name="java.specification.vendor" value="Oracle Corporation"/>
    <property name="java.version.date" value="2024-10-15"/>
    <property name="java.home" value="C:\Program Files\Java\jdk-17"/>
    <property name="file.separator" value="\"/>
    <property name="basedir" value="C:\Users\KIIT\Desktop\project_youtube_clone-main\MyntraManTshirtScraper"/>
    <property name="java.vm.compressedOopsMode" value="Zero based"/>
    <property name="line.separator" value="&#10;"/>
    <property name="java.vm.specification.vendor" value="Oracle Corporation"/>
    <property name="java.specification.name" value="Java Platform API Specification"/>
    <property name="surefire.real.class.path" value="C:\Users\KIIT\AppData\Local\Temp\surefire14675095589714064762\surefirebooter-20241226195728745_3.jar"/>
    <property name="user.script" value=""/>
    <property name="sun.management.compiler" value="HotSpot 64-Bit Tiered Compilers"/>
    <property name="java.runtime.version" value="17.0.13+10-LTS-268"/>
    <property name="user.name" value="KIIT"/>
    <property name="path.separator" value=";"/>
    <property name="os.version" value="10.0"/>
    <property name="java.runtime.name" value="Java(TM) SE Runtime Environment"/>
    <property name="file.encoding" value="Cp1252"/>
    <property name="java.vm.name" value="Java HotSpot(TM) 64-Bit Server VM"/>
    <property name="localRepository" value="C:\Users\KIIT\.m2\repository"/>
    <property name="java.vendor.url.bug" value="https://bugreport.java.com/bugreport/"/>
    <property name="java.io.tmpdir" value="C:\Users\KIIT\AppData\Local\Temp\"/>
    <property name="java.version" value="17.0.13"/>
    <property name="user.dir" value="C:\Users\KIIT\Desktop\project_youtube_clone-main\MyntraManTshirtScraper"/>
    <property name="os.arch" value="amd64"/>
    <property name="java.vm.specification.name" value="Java Virtual Machine Specification"/>
    <property name="sun.os.patch.level" value=""/>
    <property name="native.encoding" value="Cp1252"/>
    <property name="java.library.path" value="C:\Program Files\Java\jdk-17\bin;C:\WINDOWS\Sun\Java\bin;C:\WINDOWS\system32;C:\WINDOWS;C:\Program Files\Common Files\Oracle\Java\javapath;C:\Program Files\Python312\Scripts\;C:\Program Files\Python312\;C:\Program Files\Python310\Scripts\;C:\Program Files\Python310\;C:\oraclexe\app\oracle\product\11.2.0\server\bin;C:\WINDOWS\system32;C:\WINDOWS;C:\WINDOWS\System32\Wbem;C:\WINDOWS\System32\WindowsPowerShell\v1.0\;C:\WINDOWS\System32\OpenSSH\;C:\Program Files\dotnet\;C:\ProgramData\chocolatey\bin;C:\Program Files\Java\jre1.8.0_361\bin;C:\Program Files\Git\cmd;C:\Program Files\Git\bin;C:\Program Files\nodejs\;C:\Program Files\Cloudflare\Cloudflare WARP\;C:\Users\KIIT\Downloads\apache-maven-3.9.9\bin;C:\Program Files\Java\jdk-17\bin;C:\Program Files\MySQL\MySQL Shell 8.0\bin\;C:\Users\KIIT\AppData\Local\Microsoft\WindowsApps;C:\Users\KIIT\AppData\Local\Programs\Microsoft VS Code\bin;C:\Program Files\MongoDB\Server\5.0\bin;C:\MinGW\bin;C:\Users\KIIT\Clion\CLion 2022.2.3\bin;;C:\Program Files\Java\jre1.8.0_361\bin;C:\Users\KIIT\AppData\Local\GitHubDesktop\bin;C:\Program Files\Git\bin;;C:\Program Files\JetBrains\IntelliJ IDEA Community Edition 2023.2.2\bin;;C:\Users\KIIT\AppData\Roaming\npm;C:\Program Files\JetBrains\IntelliJ IDEA 2024.3.1.1\bin;;."/>
    <property name="java.vm.info" value="mixed mode, sharing"/>
    <property name="java.vendor" value="Oracle Corporation"/>
    <property name="java.vm.version" value="17.0.13+10-LTS-268"/>
    <property name="java.specification.maintenance.version" value="1"/>
    <property name="sun.io.unicode.encoding" value="UnicodeLittle"/>
    <property name="java.class.version" value="61.0"/>
  </properties>
  <testcase name="Extract and sort Van Heusen discounted T-shirts by highest discount" classname="To Scrape Van Heusen discounted T-shirts on Myntra" time="133.484">
    <system-out><![CDATA[
Scenario: Extract and sort Van Heusen discounted T-shirts by highest discount # src/test/resources/features/myntra_scraper.feature:3
  Given I navigate to "https://www.myntra.com"                                # steps.MyntraScraperSteps.NavigateToUrl(java.lang.String)
  When I select the "Men" category                                            # steps.MyntraScraperSteps.SelectCategory(java.lang.String)
  And I filter by type "Tshirts"                                              # steps.MyntraScraperSteps.FilterByType(java.lang.String)
  And I filter by brand "Van Heusen"                                          # steps.MyntraScraperSteps.FilterByBrand(java.lang.String)
  Then I extract the discounted T-shirts data                                 # steps.MyntraScraperSteps.ExtractDiscountedTshirts()
  Then I sort the tshirts by highest discount                                 # steps.MyntraScraperSteps.SortDiscountedTshirts()
DISCOUNTS FOR BRAND: Van Heusen
*****************************
Discounted Price: Rs. 439
Original Price: Rs. 1099
Discount: (60% OFF)
Link: https://www.myntra.com/tshirts/urbano+fashion/urbano-fashion-men-teal-green-slim-fit-tropical-printed-pure-cotton-t-shirt/12377258/buy
*****************************
Discounted Price: Rs. 674
Original Price: Rs. 1499
Discount: (55% OFF)
Link: https://www.myntra.com/tshirts/being+human/being-human-pure-cotton-polo-collar-t-shirt/31302052/buy
*****************************
Discounted Price: Rs. 1616
Original Price: Rs. 3299
Discount: (51% OFF)
Link: https://www.myntra.com/tshirts/rare+rabbit/rare-rabbit-men-polo-collarsolid-regular-fit--t-shirt/30097180/buy
*****************************
Discounted Price: Rs. 1784
Original Price: Rs. 3499
Discount: (49% OFF)
Link: https://www.myntra.com/tshirts/rare+rabbit/rare-rabbit-men-ark-regular-fit-polo-collar-t-shirt/29875019/buy
*****************************
Discounted Price: Rs. 1379
Original Price: Rs. 2299
Discount: (40% OFF)
Link: https://www.myntra.com/tshirts/van+heusen/van-heusen-men-polo-collar-pockets-t-shirt/28117084/buy
*****************************
Discounted Price: Rs. 1379
Original Price: Rs. 2299
Discount: (40% OFF)
Link: https://www.myntra.com/tshirts/van+heusen/van-heusen-men-polo-collar-pockets-t-shirt/28117084/buy
*****************************
Discounted Price: Rs. 805
Original Price: Rs. 1299
Discount: (38% OFF)
Link: https://www.myntra.com/tshirts/the+souled+store/the-souled-store-men-graphic-naruto-printed-cotton-oversized-fit-t-shirt/30118020/buy
*****************************
Discounted Price: Rs. 1494
Original Price: Rs. 2299
Discount: (35% OFF)
Link: https://www.myntra.com/tshirts/van+heusen/van-heusen-men-printed-polo-collar-pockets-t-shirt/27982216/buy
*****************************
Discounted Price: Rs. 736
Original Price: Rs. 1099
Discount: (33% OFF)
Link: https://www.myntra.com/tshirts/manlino/manlino-unisex-printed-drop-shoulder-sleeves-pockets-t-shirt/31714333/buy
*****************************
Discounted Price: Rs. 497
Original Price: Rs. 599
Discount: (17% OFF)
Link: https://www.myntra.com/tshirts/van+heusen/van-heusen-men-solid-round-neck-t-shirt/30104756/buy
*****************************
Discounted Price: Rs. 533
Original Price: Rs. 599
Discount: (11% OFF)
Link: https://www.myntra.com/lounge-tshirts/van+heusen/van-heusen-men-crew-neck-short-sleeve-t-shirt/21366412/buy
*****************************
Discounted Price: Rs. 595
Original Price: Rs. 669
Discount: (11% OFF)
Link: https://www.myntra.com/lounge-tshirts/van+heusen/van-heusen-athleisure-solid-smart-tech-easy-stain-release-t-shirt/16202750/buy
*****************************
Discounted Price: Rs. 533
Original Price: Rs. 599
Discount: (11% OFF)
Link: https://www.myntra.com/lounge-tshirts/van+heusen/van-heusen-men-crew-neck-short-sleeve-t-shirt/21366412/buy
*****************************
Discounted Price: Rs. 595
Original Price: Rs. 669
Discount: (11% OFF)
Link: https://www.myntra.com/lounge-tshirts/van+heusen/van-heusen-athleisure-solid-smart-tech-easy-stain-release-t-shirt/16202750/buy
*****************************
Discounted Price: Rs. 620
Original Price: Rs. 689
Discount: (10% OFF)
Link: https://www.myntra.com/lounge-tshirts/van+heusen/van-heusen-athleisure-solid-smart-tech-easy-stain-release-pure-cotton-lounge-t-shirt/15381790/buy
*****************************
Discounted Price: Rs. 602
Original Price: Rs. 669
Discount: (10% OFF)
Link: https://www.myntra.com/lounge-tshirts/van+heusen/van-heusen-athleisure-solid-smart-tech-easy-stain-release-pure-cotton-lounge-t-shirt/15381440/buy
*****************************
Discounted Price: Rs. 3239
Original Price: Rs. 3599
Discount: (10% OFF)
Link: https://www.myntra.com/tshirts/van+heusen/van-heusen-men-striped-polo-collar-t-shirt/31792467/buy
*****************************
Discounted Price: Rs. 2519
Original Price: Rs. 2799
Discount: (10% OFF)
Link: https://www.myntra.com/tshirts/van+heusen/van-heusen-men-floral-printed-polo-collar-pockets-t-shirt/31598656/buy
*****************************
Discounted Price: Rs. 602
Original Price: Rs. 669
Discount: (10% OFF)
Link: https://www.myntra.com/lounge-tshirts/van+heusen/van-heusen-athleisure-cotton-smart-tech-easy-stain-release-t-shirt/15734676/buy
*****************************
Discounted Price: Rs. 620
Original Price: Rs. 689
Discount: (10% OFF)
Link: https://www.myntra.com/lounge-tshirts/van+heusen/van-heusen-athleisure-solid-smart-tech-easy-stain-release-pure-cotton-lounge-t-shirt/15381790/buy
*****************************
Discounted Price: Rs. 602
Original Price: Rs. 669
Discount: (10% OFF)
Link: https://www.myntra.com/lounge-tshirts/van+heusen/van-heusen-athleisure-solid-smart-tech-easy-stain-release-pure-cotton-lounge-t-shirt/15381440/buy
*****************************
Discounted Price: Rs. 3239
Original Price: Rs. 3599
Discount: (10% OFF)
Link: https://www.myntra.com/tshirts/van+heusen/van-heusen-men-striped-polo-collar-t-shirt/31792467/buy
*****************************
Discounted Price: Rs. 736
Original Price: Rs. 1099
Discount: (6% OFF)
Link: https://www.myntra.com/lounge-tshirts/van+heusen/van-heusen-men-pure-cotton-lounge-tshirts/21366428/buy
*****************************
Discounted Price: Rs. 563
Original Price: Rs. 599
Discount: (6% OFF)
Link: https://www.myntra.com/lounge-tshirts/van+heusen/van-heusen-men-pure-cotton-lounge-tshirt/21366402/buy
*****************************
Discounted Price: Rs. 591
Original Price: Rs. 629
Discount: (6% OFF)
Link: https://www.myntra.com/lounge-tshirts/van+heusen/van-heusen-solid-crew-neck-short-sleeve-t-shirt/21366406/buy
*****************************
Discounted Price: Rs. 1080
Original Price: Rs. 1149
Discount: (6% OFF)
Link: https://www.myntra.com/lounge-tshirts/van+heusen/van-heusen-colour-fresh-moisture-wicking-polo-t-shirt/15672296/buy
*****************************
Discounted Price: Rs. 591
Original Price: Rs. 629
Discount: (6% OFF)
Link: https://www.myntra.com/lounge-tshirts/van+heusen/van-heusen-solid-crew-neck-short-sleeve-t-shirt/21366410/buy
*****************************
Discounted Price: Rs. 1080
Original Price: Rs. 1149
Discount: (6% OFF)
Link: https://www.myntra.com/lounge-tshirts/van+heusen/van-heusen-athleisure-pure-cotton-slim-fit-quick-dry-polo-t-shirt/15672480/buy
*****************************
Discounted Price: Rs. 563
Original Price: Rs. 599
Discount: (6% OFF)
Link: https://www.myntra.com/lounge-tshirts/van+heusen/van-heusen-men-pure-cotton-lounge-tshirt/21366418/buy
*****************************
Discounted Price: Rs. 563
Original Price: Rs. 599
Discount: (6% OFF)
Link: https://www.myntra.com/lounge-tshirts/van+heusen/van-heusen-men-pure-cotton-lounge-tshirts/21366428/buy
*****************************
Discounted Price: Rs. 563
Original Price: Rs. 599
Discount: (6% OFF)
Link: https://www.myntra.com/lounge-tshirts/van+heusen/van-heusen-men-pure-cotton-lounge-tshirt/21366402/buy
*****************************
Discounted Price: Rs. 591
Original Price: Rs. 629
Discount: (6% OFF)
Link: https://www.myntra.com/lounge-tshirts/van+heusen/van-heusen-solid-crew-neck-short-sleeve-t-shirt/21366406/buy
*****************************
Discounted Price: Rs. 379
Original Price: Rs. 399
Discount: (5% OFF)
Link: https://www.myntra.com/tshirts/van+heusen/van-heusen-moisture-wicking-ultra-soft-vest/10548342/buy
*****************************
Discounted Price: Rs. 1286
Original Price: Rs. 1299
Discount: (1% OFF)
Link: https://www.myntra.com/lounge-tshirts/van+heusen/van-heusen-men-green-solid-varsity-inspired-short-sleeve-polo-t-shirt/15672294/buy
*****************************
Discounted Price: Rs. 1137
Original Price: Rs. 1149
Discount: (1% OFF)
Link: https://www.myntra.com/lounge-tshirts/van+heusen/van-heusen-athleisure-men-solid-colour-fresh-quick-dry-polo-t-shirt/15672698/buy
*****************************
Total number of T-shirts: 35
  Then I print the sorted data to the console                                 # steps.MyntraScraperSteps.DisplaySortedData()
]]></system-out>
    <system-err><![CDATA[Error extracting discounted T-shirts: Error {
  message='Timeout 30000ms exceeded.
  name='TimeoutError
  stack='TimeoutError: Timeout 30000ms exceeded.
    at ProgressController.run (C:\Users\KIIT\AppData\Local\Temp\playwright-java-441246053501940419\package\lib\server\progress.js:78:26)
    at Frame._callOnElementOnceMatches (C:\Users\KIIT\AppData\Local\Temp\playwright-java-441246053501940419\package\lib\server\frames.js:1434:23)
    at Frame.textContent (C:\Users\KIIT\AppData\Local\Temp\playwright-java-441246053501940419\package\lib\server\frames.js:1074:17)
    at FrameDispatcher.textContent (C:\Users\KIIT\AppData\Local\Temp\playwright-java-441246053501940419\package\lib\server\dispatchers\frameDispatcher.js:178:37)
    at FrameDispatcher._handleCommand (C:\Users\KIIT\AppData\Local\Temp\playwright-java-441246053501940419\package\lib\server\dispatchers\dispatcher.js:94:40)
    at DispatcherConnection.dispatch (C:\Users\KIIT\AppData\Local\Temp\playwright-java-441246053501940419\package\lib\server\dispatchers\dispatcher.js:361:39)
}
Call log:
- waiting for locator(".product-base").nth(25).locator(".product-discountedPrice")

]]></system-err>
  </testcase>
</testsuite>